
Clover Installer r5119 (0f5da727e) (installer library v1.1.5), 2020-06-23 09:31:32
macOS Version 10.15 (Build 19A583)
SELF = /Applications/Clover.app/Contents/MacOS/CloverDaemonNew
Backup made at:
/Users/sushant/Desktop/CloverBackUp/SanDisk Cruzer Blade Media/r0000_2020-06-23_09-31-21/EFI.
Target volume: /Volumes/EFI
BSD Name:      disk2s1
Filesystem:    FAT32
Is internal:   false
Is writable:   true
Installation type: UEFI

/dev/disk0 (internal, physical):
   #:                       TYPE NAME                    SIZE       IDENTIFIER
   0:      GUID_partition_scheme                        *1.0 TB     disk0
   1:                        EFI EFI                     209.7 MB   disk0s1
   2:       Microsoft Basic Data Software                21.0 GB    disk0s2
   3:                 Apple_APFS Container disk1         379.0 GB   disk0s3
   4:       Microsoft Basic Data                         239.9 GB   disk0s4
   5:           Windows Recovery                         710.9 MB   disk0s5
   6:           Windows Recovery                         582.0 MB   disk0s6
   7:       Microsoft Basic Data DATA                    358.7 GB   disk0s7

/dev/disk1 (synthesized):
   #:                       TYPE NAME                    SIZE       IDENTIFIER
   0:      APFS Container Scheme -                      +379.0 GB   disk1
                                 Physical Store disk0s3
   1:                APFS Volume macos - Data            17.4 GB    disk1s1
   2:                APFS Volume Preboot                 82.3 MB    disk1s2
   3:                APFS Volume Recovery                528.9 MB   disk1s3
   4:                APFS Volume VM                      1.1 MB     disk1s4
   5:                APFS Volume macos                   10.6 GB    disk1s5

/dev/disk2 (external, physical):
   #:                       TYPE NAME                    SIZE       IDENTIFIER
   0:      GUID_partition_scheme                        *15.7 GB    disk2
   1:                        EFI EFI                     209.7 MB   disk2s1
   2:                  Apple_HFS Install macOS Catalina  15.3 GB    disk2s2

/dev/disk3 (disk image):
   #:                       TYPE NAME                    SIZE       IDENTIFIER
   0:      GUID_partition_scheme                        +8.4 GB     disk3
   1:                        EFI EFI                     209.7 MB   disk3s1
   2:                  Apple_HFS InstallESD              8.1 GB     disk3s2




Installing/Updating Clover:
+ ../BOOT/BOOTX64.efi
+ ../CLOVER/CLOVERX64.efi

Installing/Updating drivers:
+ ../UEFI/AudioDxe.efi
+ ../UEFI/DataHubDxe.efi
+ ../UEFI/FSInject.efi
+ ../UEFI/SMCHelper.efi
+ ../UEFI/ApfsDriverLoader.efi
+ ../UEFI/AptioMemoryFix.efi
+ ../UEFI/NvmExpressDxe.efi
+ ../UEFI/PartitionDxe.efi

Installing/Updating tools:
+ ../tools/Shell64.efi
+ ../tools/bdmesg.efi
+ ../tools/Shell64U.efi
+ ../tools/Shell32.efi

Installing/Updating docs:
+ ../doc/UEFI boot with Clover.rtf
+ ../doc/boot1f32-install.sh
+ ../doc/HowToInstallOSX.txt
+ ../doc/HowToFixDsdt.txt
+ ../doc/bcfg.txt